{
  "RSpec": {
    "coverage": {
      "/Users/keebler/Desktop/Errupt/config/environment.rb": [
        null,
        1,
        null,
        null,
        1
      ],
      "/Users/keebler/Desktop/Errupt/config/application.rb": [
        1,
        null,
        1,
        null,
        null,
        null,
        1,
        null,
        1,
        1,
        null,
        1,
        1,
        null,
        null,
        null,
        null,
        null,
        null,
        1,
        null,
        null,
        null,
        null,
        null,
        null,
        null,
        null,
        null,
        null,
        null,
        null,
        null,
        null,
        1,
        null,
        null
      ],
      "/Users/keebler/Desktop/Errupt/config/boot.rb": [
        null,
        1,
        null,
        1
      ],
      "/Users/keebler/Desktop/Errupt/config/environments/test.rb": [
        1,
        null,
        null,
        null,
        null,
        null,
        null,
        1,
        null,
        null,
        null,
        null,
        1,
        null,
        null,
        1,
        1,
        null,
        null,
        1,
        1,
        null,
        null,
        1,
        null,
        null,
        1,
        null,
        null,
        null,
        null,
        1,
        null,
        null,
        1,
        null,
        null,
        null,
        null
      ],
      "/Users/keebler/Desktop/Errupt/config/initializers/assets.rb": [
        null,
        null,
        null,
        1,
        null,
        null,
        null,
        null
      ],
      "/Users/keebler/Desktop/Errupt/config/initializers/backtrace_silencers.rb": [
        null,
        null,
        null,
        null,
        null,
        null,
        null
      ],
      "/Users/keebler/Desktop/Errupt/config/initializers/cookies_serializer.rb": [
        null,
        null,
        1
      ],
      "/Users/keebler/Desktop/Errupt/config/initializers/devise.rb": [
        null,
        null,
        1,
        null,
        null,
        null,
        null,
        null,
        null,
        null,
        null,
        null,
        1,
        null,
        null,
        null,
        null,
        null,
        null,
        null,
        null,
        1,
        null,
        null,
        null,
        null,
        null,
        null,
        null,
        null,
        null,
        null,
        null,
        null,
        null,
        null,
        null,
        null,
        null,
        null,
        null,
        null,
        null,
        1,
        null,
        null,
        null,
        null,
        1,
        null,
        null,
        null,
        null,
        null,
        null,
        null,
        null,
        null,
        null,
        null,
        null,
        null,
        null,
        null,
        null,
        null,
        null,
        null,
        null,
        null,
        null,
        null,
        null,
        null,
        null,
        null,
        null,
        null,
        null,
        1,
        null,
        null,
        null,
        null,
        null,
        null,
        null,
        null,
        null,
        null,
        null,
        null,
        null,
        null,
        null,
        null,
        1,
        null,
        null,
        null,
        null,
        null,
        null,
        null,
        null,
        null,
        null,
        null,
        null,
        null,
        null,
        null,
        null,
        null,
        null,
        null,
        null,
        null,
        null,
        null,
        null,
        1,
        null,
        null,
        null,
        null,
        null,
        null,
        null,
        null,
        null,
        1,
        null,
        null,
        null,
        null,
        null,
        null,
        null,
        null,
        null,
        null,
        1,
        null,
        null,
        null,
        null,
        null,
        null,
        null,
        null,
        null,
        null,
        null,
        null,
        null,
        null,
        null,
        null,
        null,
        null,
        null,
        null,
        null,
        null,
        null,
        null,
        null,
        null,
        null,
        null,
        null,
        null,
        null,
        null,
        null,
        null,
        null,
        null,
        null,
        null,
        null,
        null,
        null,
        null,
        null,
        null,
        null,
        null,
        null,
        null,
        1,
        null,
        null,
        null,
        null,
        null,
        null,
        null,
        null,
        null,
        null,
        null,
        null,
        null,
        null,
        null,
        null,
        null,
        null,
        null,
        null,
        null,
        null,
        null,
        null,
        null,
        null,
        null,
        null,
        null,
        null,
        null,
        null,
        null,
        null,
        null,
        null,
        null,
        1,
        null,
        null,
        null,
        null,
        null,
        null,
        null,
        null,
        null,
        null,
        null,
        null,
        null,
        null,
        null,
        null,
        null,
        null,
        null,
        null,
        null,
        null,
        null,
        null,
        null,
        null,
        null,
        null,
        null
      ],
      "/Users/keebler/Desktop/Errupt/config/initializers/filter_parameter_logging.rb": [
        null,
        null,
        null,
        1
      ],
      "/Users/keebler/Desktop/Errupt/config/initializers/inflections.rb": [
        null,
        null,
        null,
        null,
        null,
        null,
        null,
        null,
        null,
        null,
        null,
        null,
        null,
        null,
        null,
        null
      ],
      "/Users/keebler/Desktop/Errupt/config/initializers/mime_types.rb": [
        null,
        null,
        null,
        null
      ],
      "/Users/keebler/Desktop/Errupt/config/initializers/session_store.rb": [
        null,
        null,
        1
      ],
      "/Users/keebler/Desktop/Errupt/config/initializers/wrap_parameters.rb": [
        null,
        null,
        null,
        null,
        null,
        null,
        1,
        1,
        null,
        null,
        null,
        null,
        null,
        null
      ],
      "/Users/keebler/Desktop/Errupt/spec/factories/error_tags.rb": [
        null,
        null,
        1,
        1,
        null,
        null
      ],
      "/Users/keebler/Desktop/Errupt/app/models/error_tag.rb": [
        1,
        1,
        1,
        null
      ],
      "/Users/keebler/Desktop/Errupt/spec/factories/errorslogs.rb": [
        null,
        1,
        null,
        1,
        1,
        79,
        83,
        1,
        84,
        1,
        1,
        1,
        1,
        1,
        null,
        1,
        72,
        144,
        null,
        null,
        72,
        72,
        72,
        72,
        null,
        null,
        1,
        1,
        null,
        null,
        null
      ],
      "/Users/keebler/Desktop/Errupt/spec/factories/solutions.rb": [
        null,
        null,
        1,
        1,
        168,
        1,
        null,
        1,
        1,
        null,
        null,
        null
      ],
      "/Users/keebler/Desktop/Errupt/spec/factories/tags.rb": [
        null,
        null,
        1,
        1,
        1,
        null,
        1,
        1,
        null,
        null,
        null
      ],
      "/Users/keebler/Desktop/Errupt/spec/factories/users.rb": [
        null,
        1,
        null,
        1,
        1,
        7,
        7,
        5,
        5,
        1,
        null,
        1,
        6,
        null,
        null,
        null
      ],
      "/Users/keebler/Desktop/Errupt/config/routes.rb": [
        1,
        1,
        1,
        null,
        1,
        1,
        1,
        null,
        1,
        1,
        null,
        null,
        1,
        null,
        null,
        null,
        null,
        null,
        null,
        null,
        null,
        null,
        null,
        null,
        null,
        null,
        null,
        null,
        null,
        null,
        null,
        null,
        null,
        null,
        null,
        null,
        null,
        null,
        null,
        null,
        null,
        null,
        null,
        null,
        null,
        null,
        null,
        null,
        null,
        null,
        null,
        null,
        null,
        null,
        null,
        null,
        null,
        null,
        null,
        null,
        null,
        null,
        null,
        null,
        null,
        null,
        null,
        null,
        null,
        null,
        null
      ],
      "/Users/keebler/Desktop/Errupt/app/models/user.rb": [
        1,
        null,
        1,
        1,
        1,
        1,
        null,
        1,
        null,
        null,
        1,
        null
      ],
      "/Users/keebler/Desktop/Errupt/app/helpers/application_helper.rb": [
        1,
        null
      ],
      "/Users/keebler/Desktop/Errupt/app/helpers/pages_helper.rb": [
        1,
        null
      ],
      "/Users/keebler/Desktop/Errupt/spec/support/matchers/require_login.rb": [
        null,
        null,
        null,
        null,
        null,
        null,
        null
      ],
      "/Users/keebler/Desktop/Errupt/spec/support/shared_db_connection.rb": [
        1,
        1,
        1,
        null,
        1,
        6053,
        null,
        null,
        1,
        null,
        null,
        null,
        null,
        null,
        null,
        null,
        null,
        null,
        null
      ],
      "/Users/keebler/Desktop/Errupt/spec/support/signup_macros.rb": [
        1,
        1,
        0,
        0,
        0,
        0,
        0,
        0,
        0,
        0,
        null,
        0,
        null,
        null,
        1,
        0,
        0,
        0,
        0,
        null,
        0,
        null,
        null
      ],
      "/Users/keebler/Desktop/Errupt/app/controllers/errorlogs_controller.rb": [
        1,
        1,
        1,
        4,
        null,
        null,
        1,
        4,
        null,
        null,
        1,
        2,
        null,
        null,
        1,
        4,
        null,
        0,
        0,
        0,
        null,
        0,
        0,
        null,
        null,
        null,
        null,
        1,
        2,
        null,
        null,
        1,
        5,
        5,
        3,
        3,
        null,
        2,
        2,
        null,
        null,
        null,
        1,
        2,
        2,
        2,
        null,
        null,
        1,
        null,
        1,
        5,
        null,
        null,
        null,
        null
      ],
      "/Users/keebler/Desktop/Errupt/app/controllers/application_controller.rb": [
        1,
        null,
        null,
        1,
        null,
        1,
        0,
        null,
        null
      ],
      "/Users/keebler/Desktop/Errupt/spec/controllers/solutions_controller_spec.rb": [
        1,
        null,
        1,
        null,
        1,
        17,
        null,
        null,
        1,
        17,
        null,
        null,
        1,
        1,
        1,
        1,
        null,
        null,
        1,
        1,
        1,
        null,
        null,
        null,
        1,
        null,
        1,
        1,
        1,
        1,
        null,
        null,
        null,
        1,
        1,
        1,
        null,
        null,
        null,
        1,
        1,
        1,
        1,
        null,
        null,
        1,
        1,
        1,
        null,
        null,
        null,
        null,
        1,
        1,
        1,
        1,
        null,
        1,
        1,
        1,
        null,
        null,
        null,
        1,
        1,
        1,
        1,
        null,
        1,
        1,
        1,
        null,
        null,
        null,
        1,
        1,
        1,
        1,
        1,
        null,
        null,
        1,
        1,
        1,
        1,
        null,
        null,
        1,
        1,
        1,
        null,
        null,
        null,
        1,
        1,
        1,
        1,
        null,
        1,
        1,
        1,
        null,
        null,
        null,
        null,
        1,
        1,
        1,
        1,
        null,
        null,
        1,
        1,
        1,
        null,
        null,
        null,
        null
      ],
      "/Users/keebler/Desktop/Errupt/app/controllers/solutions_controller.rb": [
        1,
        1,
        null,
        1,
        2,
        null,
        null,
        1,
        4,
        null,
        4,
        2,
        2,
        null,
        2,
        2,
        null,
        null,
        null,
        1,
        2,
        null,
        null,
        1,
        2,
        null,
        null,
        1,
        5,
        5,
        3,
        3,
        null,
        2,
        2,
        null,
        null,
        null,
        1,
        2,
        2,
        2,
        null,
        null,
        1,
        null,
        1,
        17,
        null,
        0,
        null,
        null,
        null,
        1,
        13,
        null,
        null,
        null
      ],
      "/Users/keebler/Desktop/Errupt/spec/controllers/tags_controller_spec.rb": [
        1,
        null,
        1,
        null,
        1,
        8,
        null,
        null,
        1,
        8,
        null,
        null,
        1,
        8,
        null,
        null,
        1,
        1,
        1,
        1,
        null,
        1,
        1,
        1,
        null,
        null,
        null,
        1,
        1,
        1,
        1,
        1,
        null,
        null,
        1,
        1,
        1,
        null,
        null,
        null,
        1,
        1,
        1,
        1,
        null,
        null,
        1,
        1,
        1,
        null,
        null,
        null,
        null,
        1,
        1,
        1,
        1,
        null,
        null,
        1,
        1,
        1,
        null,
        null,
        null,
        null
      ],
      "/Users/keebler/Desktop/Errupt/app/controllers/tags_controller.rb": [
        1,
        null,
        1,
        2,
        null,
        null,
        1,
        4,
        4,
        null,
        2,
        2,
        null,
        2,
        2,
        null,
        null,
        null,
        1,
        0,
        null,
        null,
        1,
        2,
        2,
        2,
        null,
        null,
        1,
        null,
        1,
        4,
        null,
        null,
        null
      ],
      "/Users/keebler/Desktop/Errupt/spec/controllers/users_controller_spec.rb": [
        1,
        null,
        null,
        null,
        null,
        null,
        null,
        null,
        null,
        null,
        null,
        null,
        null,
        null,
        null,
        null,
        null,
        null,
        null,
        null,
        null,
        null,
        null,
        null,
        null,
        null,
        null,
        null,
        null,
        null,
        null,
        null,
        null,
        null,
        null,
        null,
        null,
        null,
        null,
        null,
        null,
        null,
        null,
        null
      ],
      "/Users/keebler/Desktop/Errupt/spec/features/user_spec.rb": [
        null,
        null,
        null,
        null,
        null,
        null,
        null,
        null,
        null,
        null,
        null,
        null,
        null,
        null
      ],
      "/Users/keebler/Desktop/Errupt/spec/models/error_tag_spec.rb": [
        1,
        null,
        1,
        null,
        2,
        2,
        null,
        1,
        5,
        5,
        null,
        null,
        1,
        1,
        1,
        null,
        null,
        1,
        1,
        1,
        null,
        null,
        1,
        1,
        1,
        null,
        null
      ],
      "/Users/keebler/Desktop/Errupt/spec/models/errorlog_spec.rb": [
        1,
        null,
        null,
        1,
        null,
        3,
        null,
        2,
        2,
        2,
        2,
        2,
        2,
        2,
        null,
        1,
        1,
        null,
        null,
        1,
        null,
        1,
        null,
        null,
        1,
        1,
        null,
        null,
        1,
        1,
        null,
        null,
        1,
        1,
        null,
        null,
        1,
        1,
        1,
        1,
        null,
        null,
        null,
        1,
        1,
        1,
        null,
        null,
        null,
        1,
        1,
        1,
        1,
        1,
        null,
        null,
        1,
        null,
        null,
        1,
        1,
        1,
        null,
        null,
        1,
        1,
        null,
        null,
        null
      ],
      "/Users/keebler/Desktop/Errupt/app/models/errorlog.rb": [
        1,
        1,
        1,
        1,
        1,
        1,
        1,
        null,
        1,
        1,
        1,
        null,
        1,
        1,
        null,
        null,
        1,
        1,
        null,
        null,
        1,
        1,
        2,
        null,
        null,
        null
      ],
      "/Users/keebler/Desktop/Errupt/spec/models/solution_spec.rb": [
        1,
        null,
        1,
        null,
        2,
        2,
        2,
        null,
        1,
        1,
        null,
        null,
        1,
        1,
        null,
        null,
        1,
        1,
        null,
        null
      ],
      "/Users/keebler/Desktop/Errupt/app/models/solution.rb": [
        1,
        1,
        null,
        1,
        1,
        null
      ],
      "/Users/keebler/Desktop/Errupt/spec/models/tag_spec.rb": [
        1,
        null,
        1,
        null,
        2,
        2,
        2,
        null,
        1,
        1,
        null,
        null,
        1,
        1,
        null,
        null,
        null,
        1,
        1,
        2,
        null,
        null,
        1,
        1,
        1,
        null,
        null,
        null,
        1,
        1,
        1,
        null,
        null,
        null,
        null,
        null
      ],
      "/Users/keebler/Desktop/Errupt/app/models/tag.rb": [
        1,
        1,
        1,
        1,
        null,
        1,
        2,
        null,
        null,
        1,
        null,
        0,
        null,
        null,
        null
      ],
      "/Users/keebler/Desktop/Errupt/spec/models/user_spec.rb": [
        1,
        null,
        1,
        null,
        2,
        2,
        2,
        2,
        2,
        null,
        1,
        1,
        null,
        null,
        1,
        1,
        null,
        null,
        1,
        1,
        null,
        null,
        1,
        1,
        null,
        null,
        1,
        1,
        null,
        null,
        1,
        1,
        null,
        null,
        1,
        1,
        1,
        1,
        1,
        null,
        null,
        1,
        1,
        null,
        null,
        1,
        1,
        1,
        1,
        1,
        null,
        null
      ]
    },
    "timestamp": 1411483229
  }
}
