{
  "RSpec": {
    "coverage": {
      "/Users/keebler/Desktop/Errupt/config/environment.rb": [
        null,
        1,
        null,
        null,
        1
      ],
      "/Users/keebler/Desktop/Errupt/config/application.rb": [
        1,
        null,
        1,
        null,
        null,
        null,
        1,
        null,
        1,
        1,
        null,
        1,
        1,
        null,
        null,
        null,
        null,
        null,
        null,
        1,
        null,
        null,
        null,
        null,
        null,
        null,
        null,
        null,
        null,
        null,
        null,
        null,
        null,
        null,
        1,
        null,
        null
      ],
      "/Users/keebler/Desktop/Errupt/config/boot.rb": [
        null,
        1,
        null,
        1
      ],
      "/Users/keebler/Desktop/Errupt/config/environments/test.rb": [
        1,
        null,
        null,
        null,
        null,
        null,
        null,
        1,
        null,
        null,
        null,
        null,
        1,
        null,
        null,
        1,
        1,
        null,
        null,
        1,
        1,
        null,
        null,
        1,
        null,
        null,
        1,
        null,
        null,
        null,
        null,
        1,
        null,
        null,
        1,
        null,
        null,
        null,
        null
      ],
      "/Users/keebler/Desktop/Errupt/config/initializers/assets.rb": [
        null,
        null,
        null,
        1,
        null,
        null,
        null,
        null
      ],
      "/Users/keebler/Desktop/Errupt/config/initializers/backtrace_silencers.rb": [
        null,
        null,
        null,
        null,
        null,
        null,
        null
      ],
      "/Users/keebler/Desktop/Errupt/config/initializers/cookies_serializer.rb": [
        null,
        null,
        1
      ],
      "/Users/keebler/Desktop/Errupt/config/initializers/devise.rb": [
        null,
        null,
        1,
        null,
        null,
        null,
        null,
        null,
        null,
        null,
        null,
        null,
        1,
        null,
        null,
        null,
        null,
        null,
        null,
        null,
        null,
        1,
        null,
        null,
        null,
        null,
        null,
        null,
        null,
        null,
        null,
        null,
        null,
        null,
        null,
        null,
        null,
        null,
        null,
        null,
        null,
        null,
        null,
        1,
        null,
        null,
        null,
        null,
        1,
        null,
        null,
        null,
        null,
        null,
        null,
        null,
        null,
        null,
        null,
        null,
        null,
        null,
        null,
        null,
        null,
        null,
        null,
        null,
        null,
        null,
        null,
        null,
        null,
        null,
        null,
        null,
        null,
        null,
        null,
        1,
        null,
        null,
        null,
        null,
        null,
        null,
        null,
        null,
        null,
        null,
        null,
        null,
        null,
        null,
        null,
        null,
        1,
        null,
        null,
        null,
        null,
        null,
        null,
        null,
        null,
        null,
        null,
        null,
        null,
        null,
        null,
        null,
        null,
        null,
        null,
        null,
        null,
        null,
        null,
        null,
        null,
        1,
        null,
        null,
        null,
        null,
        null,
        null,
        null,
        null,
        null,
        1,
        null,
        null,
        null,
        null,
        null,
        null,
        null,
        null,
        null,
        null,
        1,
        null,
        null,
        null,
        null,
        null,
        null,
        null,
        null,
        null,
        null,
        null,
        null,
        null,
        null,
        null,
        null,
        null,
        null,
        null,
        null,
        null,
        null,
        null,
        null,
        null,
        null,
        null,
        null,
        null,
        null,
        null,
        null,
        null,
        null,
        null,
        null,
        null,
        null,
        null,
        null,
        null,
        null,
        null,
        null,
        null,
        null,
        null,
        null,
        1,
        null,
        null,
        null,
        null,
        null,
        null,
        null,
        null,
        null,
        null,
        null,
        null,
        null,
        null,
        null,
        null,
        null,
        null,
        null,
        null,
        null,
        null,
        null,
        null,
        null,
        null,
        null,
        null,
        null,
        null,
        null,
        null,
        null,
        null,
        null,
        null,
        null,
        1,
        null,
        null,
        null,
        null,
        null,
        null,
        null,
        null,
        null,
        null,
        null,
        null,
        null,
        null,
        null,
        null,
        null,
        null,
        null,
        null,
        null,
        null,
        null,
        null,
        null,
        null,
        null,
        null,
        null
      ],
      "/Users/keebler/Desktop/Errupt/config/initializers/filter_parameter_logging.rb": [
        null,
        null,
        null,
        1
      ],
      "/Users/keebler/Desktop/Errupt/config/initializers/inflections.rb": [
        null,
        null,
        null,
        null,
        null,
        null,
        null,
        null,
        null,
        null,
        null,
        null,
        null,
        null,
        null,
        null
      ],
      "/Users/keebler/Desktop/Errupt/config/initializers/mime_types.rb": [
        null,
        null,
        null,
        null
      ],
      "/Users/keebler/Desktop/Errupt/config/initializers/session_store.rb": [
        null,
        null,
        1
      ],
      "/Users/keebler/Desktop/Errupt/config/initializers/wrap_parameters.rb": [
        null,
        null,
        null,
        null,
        null,
        null,
        1,
        1,
        null,
        null,
        null,
        null,
        null,
        null
      ],
      "/Users/keebler/Desktop/Errupt/spec/factories/error_tags.rb": [
        null,
        null,
        1,
        1,
        null,
        null
      ],
      "/Users/keebler/Desktop/Errupt/app/models/error_tag.rb": [
        1,
        1,
        1,
        null
      ],
      "/Users/keebler/Desktop/Errupt/spec/factories/errorslogs.rb": [
        null,
        1,
        null,
        1,
        1,
        6,
        6,
        1,
        6,
        1,
        1,
        1,
        1,
        1,
        null,
        1,
        5,
        10,
        null,
        null,
        5,
        5,
        5,
        5,
        null,
        null,
        1,
        1,
        null,
        null,
        null
      ],
      "/Users/keebler/Desktop/Errupt/spec/factories/solutions.rb": [
        null,
        null,
        1,
        1,
        11,
        1,
        null,
        1,
        1,
        null,
        null,
        null
      ],
      "/Users/keebler/Desktop/Errupt/spec/factories/tags.rb": [
        null,
        null,
        1,
        1,
        1,
        null,
        1,
        1,
        null,
        null,
        null
      ],
      "/Users/keebler/Desktop/Errupt/spec/factories/users.rb": [
        null,
        1,
        null,
        1,
        1,
        1,
        1,
        1,
        1,
        1,
        null,
        1,
        0,
        null,
        null,
        null
      ],
      "/Users/keebler/Desktop/Errupt/config/routes.rb": [
        1,
        1,
        1,
        null,
        1,
        1,
        1,
        null,
        1,
        1,
        null,
        null,
        1,
        null,
        null,
        null,
        null,
        null,
        null,
        null,
        null,
        null,
        null,
        null,
        null,
        null,
        null,
        null,
        null,
        null,
        null,
        null,
        null,
        null,
        null,
        null,
        null,
        null,
        null,
        null,
        null,
        null,
        null,
        null,
        null,
        null,
        null,
        null,
        null,
        null,
        null,
        null,
        null,
        null,
        null,
        null,
        null,
        null,
        null,
        null,
        null,
        null,
        null,
        null,
        null,
        null,
        null,
        null,
        null,
        null,
        null
      ],
      "/Users/keebler/Desktop/Errupt/app/models/user.rb": [
        1,
        null,
        1,
        1,
        1,
        1,
        null,
        1,
        null,
        null,
        1,
        null
      ],
      "/Users/keebler/Desktop/Errupt/app/helpers/application_helper.rb": [
        1,
        null
      ],
      "/Users/keebler/Desktop/Errupt/app/helpers/pages_helper.rb": [
        1,
        null
      ],
      "/Users/keebler/Desktop/Errupt/spec/support/matchers/require_login.rb": [
        null,
        null,
        null,
        null,
        null,
        null,
        null
      ],
      "/Users/keebler/Desktop/Errupt/spec/support/shared_db_connection.rb": [
        1,
        1,
        1,
        null,
        1,
        393,
        null,
        null,
        1,
        null,
        null,
        null,
        null,
        null,
        null,
        null,
        null,
        null,
        null
      ],
      "/Users/keebler/Desktop/Errupt/spec/support/signup_macros.rb": [
        1,
        1,
        0,
        0,
        0,
        0,
        0,
        0,
        0,
        0,
        null,
        0,
        null,
        null,
        1,
        0,
        0,
        0,
        0,
        null,
        0,
        null,
        null
      ],
      "/Users/keebler/Desktop/Errupt/app/models/errorlog.rb": [
        1,
        1,
        1,
        1,
        1,
        1,
        1,
        null,
        1,
        1,
        1,
        null,
        1,
        1,
        null,
        null,
        1,
        1,
        null,
        null,
        1,
        0,
        0,
        null,
        null,
        null
      ],
      "/Users/keebler/Desktop/Errupt/app/models/solution.rb": [
        1,
        1,
        null,
        1,
        1,
        null
      ],
      "/Users/keebler/Desktop/Errupt/app/models/tag.rb": [
        1,
        1,
        1,
        1,
        null,
        1,
        0,
        null,
        null,
        1,
        null,
        0,
        null,
        null,
        null
      ]
    },
    "timestamp": 1411451343
  }
}
